12:02:38:097  INFO 8152 --- [main] com.hmall.pay.PayApplication             : Starting PayApplication using Java 17.0.15 on WIN-G3HHT1TM0MA with PID 8152 (D:\Project\hmall\pay-service\target\classes started by Administrator in D:\Project\hmall)
12:02:38:100 DEBUG 8152 --- [main] com.hmall.pay.PayApplication             : Running with Spring Boot v2.7.12, Spring v5.3.27
12:02:38:100  INFO 8152 --- [main] com.hmall.pay.PayApplication             : The following 1 profile is active: "local"
12:02:39:270  INFO 8152 --- [main] o.s.cloud.context.scope.GenericScope     : BeanFactory id=faa29444-5149-3828-94e3-eb4a6a74c74d
12:02:39:773  INFO 8152 --- [main] o.s.b.w.embedded.tomcat.TomcatWebServer  : Tomcat initialized with port(s): 8086 (http)
12:02:39:784  INFO 8152 --- [main] o.apache.catalina.core.StandardService   : Starting service [Tomcat]
12:02:39:785  INFO 8152 --- [main] org.apache.catalina.core.StandardEngine  : Starting Servlet engine: [Apache Tomcat/9.0.75]
12:02:39:929  INFO 8152 --- [main] o.a.c.c.C.[Tomcat].[localhost].[/]       : Initializing Spring embedded WebApplicationContext
12:02:39:929  INFO 8152 --- [main] w.s.c.ServletWebServerApplicationContext : Root WebApplicationContext: initialization completed in 1776 ms
12:02:40:153  INFO 8152 --- [main] o.s.c.openfeign.FeignClientFactoryBean   : For 'user-service' URL not provided. Will try picking an instance via load-balancing.
12:02:40:211  INFO 8152 --- [main] o.s.c.openfeign.FeignClientFactoryBean   : For 'trade-service' URL not provided. Will try picking an instance via load-balancing.
12:02:42:088  INFO 8152 --- [main] o.s.cloud.commons.util.InetUtils         : Cannot determine local hostname
12:02:42:134  INFO 8152 --- [main] pertySourcedRequestMappingHandlerMapping : Mapped URL path [/v2/api-docs] onto method [springfox.documentation.swagger2.web.Swagger2ControllerWebMvc#getDocumentation(String, HttpServletRequest)]
12:02:43:288  INFO 8152 --- [main] o.s.cloud.commons.util.InetUtils         : Cannot determine local hostname
12:02:43:631  INFO 8152 --- [main] com.alibaba.nacos.common.remote.client   : [RpcClientFactory] create a new rpc client of c53f1a28-48dd-4750-92a0-90ea6bc41b3d
12:02:43:702  INFO 8152 --- [main] org.reflections.Reflections              : Reflections took 34 ms to scan 1 urls, producing 3 keys and 6 values 
12:02:43:749  INFO 8152 --- [main] org.reflections.Reflections              : Reflections took 20 ms to scan 1 urls, producing 4 keys and 9 values 
12:02:43:762  INFO 8152 --- [main] org.reflections.Reflections              : Reflections took 10 ms to scan 1 urls, producing 3 keys and 10 values 
12:02:43:765  WARN 8152 --- [main] org.reflections.Reflections              : given scan urls are empty. set urls in the configuration
12:02:43:775  INFO 8152 --- [main] org.reflections.Reflections              : Reflections took 9 ms to scan 1 urls, producing 1 keys and 5 values 
12:02:43:787  INFO 8152 --- [main] org.reflections.Reflections              : Reflections took 10 ms to scan 1 urls, producing 1 keys and 7 values 
12:02:43:800  INFO 8152 --- [main] org.reflections.Reflections              : Reflections took 10 ms to scan 1 urls, producing 2 keys and 8 values 
12:02:43:802  WARN 8152 --- [main] org.reflections.Reflections              : given scan urls are empty. set urls in the configuration
12:02:43:803  INFO 8152 --- [main] com.alibaba.nacos.common.remote.client   : [c53f1a28-48dd-4750-92a0-90ea6bc41b3d] RpcClient init label, labels = {module=naming, source=sdk}
12:02:43:806  INFO 8152 --- [main] com.alibaba.nacos.common.remote.client   : [c53f1a28-48dd-4750-92a0-90ea6bc41b3d] RpcClient init, ServerListFactory = com.alibaba.nacos.client.naming.core.ServerListManager
12:02:43:806  INFO 8152 --- [main] com.alibaba.nacos.common.remote.client   : [c53f1a28-48dd-4750-92a0-90ea6bc41b3d] Registry connection listener to current client:com.alibaba.nacos.client.naming.remote.gprc.redo.NamingGrpcRedoService
12:02:43:807  INFO 8152 --- [main] com.alibaba.nacos.common.remote.client   : [c53f1a28-48dd-4750-92a0-90ea6bc41b3d] Register server push request handler:com.alibaba.nacos.client.naming.remote.gprc.NamingPushRequestHandler
12:02:43:808  INFO 8152 --- [main] com.alibaba.nacos.common.remote.client   : [c53f1a28-48dd-4750-92a0-90ea6bc41b3d] Try to connect to server on start up, server: {serverIp = '192.168.1.33', server main port = 8848}
12:02:44:726  INFO 8152 --- [main] com.alibaba.nacos.common.remote.client   : [c53f1a28-48dd-4750-92a0-90ea6bc41b3d] Success to connect to server [192.168.1.33:8848] on start up, connectionId = 1751256165330_192.168.1.114_59041
12:02:44:727  INFO 8152 --- [com.alibaba.nacos.client.remote.worker] com.alibaba.nacos.common.remote.client   : [c53f1a28-48dd-4750-92a0-90ea6bc41b3d] Notify connected event to listeners.
12:02:44:728  INFO 8152 --- [main] com.alibaba.nacos.common.remote.client   : [c53f1a28-48dd-4750-92a0-90ea6bc41b3d] Register server push request handler:com.alibaba.nacos.common.remote.client.RpcClient$ConnectResetRequestHandler
12:02:44:728  INFO 8152 --- [main] com.alibaba.nacos.common.remote.client   : [c53f1a28-48dd-4750-92a0-90ea6bc41b3d] Register server push request handler:com.alibaba.nacos.common.remote.client.RpcClient$$Lambda$991/0x000002ad58794230
12:02:44:796  INFO 8152 --- [main] o.s.b.w.embedded.tomcat.TomcatWebServer  : Tomcat started on port(s): 8086 (http) with context path ''
12:02:44:810  INFO 8152 --- [main] c.a.c.n.registry.NacosServiceRegistry    : nacos registry, DEFAULT_GROUP pay-service 192.168.217.1:8086 register finished
12:02:45:343  INFO 8152 --- [nacos-grpc-client-executor-7] com.alibaba.nacos.common.remote.client   : [c53f1a28-48dd-4750-92a0-90ea6bc41b3d] Receive server push request, request = NotifySubscriberRequest, requestId = 3
12:02:45:346  INFO 8152 --- [nacos-grpc-client-executor-7] com.alibaba.nacos.common.remote.client   : [c53f1a28-48dd-4750-92a0-90ea6bc41b3d] Ack server push request, request = NotifySubscriberRequest, requestId = 3
12:02:45:868  INFO 8152 --- [main] o.s.cloud.commons.util.InetUtils         : Cannot determine local hostname
12:02:45:868  INFO 8152 --- [main] d.s.w.p.DocumentationPluginsBootstrapper : Documentation plugins bootstrapped
12:02:45:872  INFO 8152 --- [main] d.s.w.p.DocumentationPluginsBootstrapper : Found 1 custom documentation plugin(s)
12:02:45:897  INFO 8152 --- [main] s.d.s.w.s.ApiListingReferenceScanner     : Scanning for api listing references
12:02:46:008  INFO 8152 --- [main] com.hmall.pay.PayApplication             : Started PayApplication in 9.552 seconds (JVM running for 10.414)
12:03:28:386  INFO 8152 --- [http-nio-8086-exec-2] o.a.c.c.C.[Tomcat].[localhost].[/]       : Initializing Spring DispatcherServlet 'dispatcherServlet'
12:03:28:387  INFO 8152 --- [http-nio-8086-exec-2] o.s.web.servlet.DispatcherServlet        : Initializing Servlet 'dispatcherServlet'
12:03:28:389  INFO 8152 --- [http-nio-8086-exec-2] o.s.web.servlet.DispatcherServlet        : Completed initialization in 2 ms
12:03:45:716  WARN 8152 --- [http-nio-8086-exec-3] .w.s.m.s.DefaultHandlerExceptionResolver : Resolved [org.springframework.web.HttpRequestMethodNotSupportedException: Request method 'GET' not supported]
12:07:03:122  WARN 8152 --- [Thread-4] c.a.nacos.common.notify.NotifyCenter     : [NotifyCenter] Start destroying Publisher
12:07:03:123  WARN 8152 --- [Thread-4] c.a.nacos.common.notify.NotifyCenter     : [NotifyCenter] Destruction of the end
12:07:03:124  WARN 8152 --- [Thread-7] c.a.n.common.http.HttpClientBeanHolder   : [HttpClientBeanHolder] Start destroying common HttpClient
12:07:03:125  WARN 8152 --- [Thread-7] c.a.n.common.http.HttpClientBeanHolder   : [HttpClientBeanHolder] Destruction of the end
12:07:03:148  INFO 8152 --- [SpringApplicationShutdownHook] c.a.c.n.registry.NacosServiceRegistry    : De-registering from Nacos Server now...
12:07:03:153  INFO 8152 --- [SpringApplicationShutdownHook] c.a.c.n.registry.NacosServiceRegistry    : De-registration finished.
12:07:03:475  INFO 8152 --- [SpringApplicationShutdownHook] com.alibaba.nacos.common.remote.client   : Shutdown rpc client, set status to shutdown
12:07:03:476  INFO 8152 --- [SpringApplicationShutdownHook] com.alibaba.nacos.common.remote.client   : Shutdown client event executor java.util.concurrent.ScheduledThreadPoolExecutor@430cc368[Running, pool size = 2, active threads = 2, queued tasks = 0, completed tasks = 0]
12:07:03:476  INFO 8152 --- [SpringApplicationShutdownHook] com.alibaba.nacos.common.remote.client   : Close current connection 1751256165330_192.168.1.114_59041
12:07:03:478  INFO 8152 --- [nacos-grpc-client-executor-64] c.a.n.c.remote.client.grpc.GrpcClient    : [1751256165330_192.168.1.114_59041]Ignore complete event,isRunning:false,isAbandon=false
12:07:03:482  INFO 8152 --- [SpringApplicationShutdownHook] c.a.n.c.remote.client.grpc.GrpcClient    : Shutdown grpc executor java.util.concurrent.ThreadPoolExecutor@4ce3f430[Running, pool size = 5, active threads = 0, queued tasks = 0, completed tasks = 65]
12:07:17:372  INFO 11348 --- [main] com.hmall.pay.PayApplication             : Starting PayApplication using Java 17.0.15 on WIN-G3HHT1TM0MA with PID 11348 (D:\Project\hmall\pay-service\target\classes started by Administrator in D:\Project\hmall)
12:07:17:375 DEBUG 11348 --- [main] com.hmall.pay.PayApplication             : Running with Spring Boot v2.7.12, Spring v5.3.27
12:07:17:376  INFO 11348 --- [main] com.hmall.pay.PayApplication             : The following 1 profile is active: "local"
12:07:18:884  INFO 11348 --- [main] o.s.cloud.context.scope.GenericScope     : BeanFactory id=faa29444-5149-3828-94e3-eb4a6a74c74d
12:07:19:457  INFO 11348 --- [main] o.s.b.w.embedded.tomcat.TomcatWebServer  : Tomcat initialized with port(s): 8086 (http)
12:07:19:470  INFO 11348 --- [main] o.apache.catalina.core.StandardService   : Starting service [Tomcat]
12:07:19:470  INFO 11348 --- [main] org.apache.catalina.core.StandardEngine  : Starting Servlet engine: [Apache Tomcat/9.0.75]
12:07:19:623  INFO 11348 --- [main] o.a.c.c.C.[Tomcat].[localhost].[/]       : Initializing Spring embedded WebApplicationContext
12:07:19:623  INFO 11348 --- [main] w.s.c.ServletWebServerApplicationContext : Root WebApplicationContext: initialization completed in 2187 ms
12:07:19:874  INFO 11348 --- [main] o.s.c.openfeign.FeignClientFactoryBean   : For 'user-service' URL not provided. Will try picking an instance via load-balancing.
12:07:19:945  INFO 11348 --- [main] o.s.c.openfeign.FeignClientFactoryBean   : For 'trade-service' URL not provided. Will try picking an instance via load-balancing.
12:07:21:924  INFO 11348 --- [main] o.s.cloud.commons.util.InetUtils         : Cannot determine local hostname
12:07:21:964  INFO 11348 --- [main] pertySourcedRequestMappingHandlerMapping : Mapped URL path [/v2/api-docs] onto method [springfox.documentation.swagger2.web.Swagger2ControllerWebMvc#getDocumentation(String, HttpServletRequest)]
12:07:23:100  INFO 11348 --- [main] o.s.cloud.commons.util.InetUtils         : Cannot determine local hostname
12:07:23:442  INFO 11348 --- [main] com.alibaba.nacos.common.remote.client   : [RpcClientFactory] create a new rpc client of 135a408b-c034-47a8-9029-105e088c93bf
12:07:23:525  INFO 11348 --- [main] org.reflections.Reflections              : Reflections took 38 ms to scan 1 urls, producing 3 keys and 6 values 
12:07:23:559  INFO 11348 --- [main] org.reflections.Reflections              : Reflections took 14 ms to scan 1 urls, producing 4 keys and 9 values 
12:07:23:590  INFO 11348 --- [main] org.reflections.Reflections              : Reflections took 26 ms to scan 1 urls, producing 3 keys and 10 values 
12:07:23:592  WARN 11348 --- [main] org.reflections.Reflections              : given scan urls are empty. set urls in the configuration
12:07:23:603  INFO 11348 --- [main] org.reflections.Reflections              : Reflections took 10 ms to scan 1 urls, producing 1 keys and 5 values 
12:07:23:617  INFO 11348 --- [main] org.reflections.Reflections              : Reflections took 11 ms to scan 1 urls, producing 1 keys and 7 values 
12:07:23:631  INFO 11348 --- [main] org.reflections.Reflections              : Reflections took 11 ms to scan 1 urls, producing 2 keys and 8 values 
12:07:23:634  WARN 11348 --- [main] org.reflections.Reflections              : given scan urls are empty. set urls in the configuration
12:07:23:635  INFO 11348 --- [main] com.alibaba.nacos.common.remote.client   : [135a408b-c034-47a8-9029-105e088c93bf] RpcClient init label, labels = {module=naming, source=sdk}
12:07:23:638  INFO 11348 --- [main] com.alibaba.nacos.common.remote.client   : [135a408b-c034-47a8-9029-105e088c93bf] RpcClient init, ServerListFactory = com.alibaba.nacos.client.naming.core.ServerListManager
12:07:23:638  INFO 11348 --- [main] com.alibaba.nacos.common.remote.client   : [135a408b-c034-47a8-9029-105e088c93bf] Registry connection listener to current client:com.alibaba.nacos.client.naming.remote.gprc.redo.NamingGrpcRedoService
12:07:23:638  INFO 11348 --- [main] com.alibaba.nacos.common.remote.client   : [135a408b-c034-47a8-9029-105e088c93bf] Register server push request handler:com.alibaba.nacos.client.naming.remote.gprc.NamingPushRequestHandler
12:07:23:640  INFO 11348 --- [main] com.alibaba.nacos.common.remote.client   : [135a408b-c034-47a8-9029-105e088c93bf] Try to connect to server on start up, server: {serverIp = '192.168.1.33', server main port = 8848}
12:07:24:646  INFO 11348 --- [main] com.alibaba.nacos.common.remote.client   : [135a408b-c034-47a8-9029-105e088c93bf] Success to connect to server [192.168.1.33:8848] on start up, connectionId = 1751256445238_192.168.1.114_59292
12:07:24:647  INFO 11348 --- [com.alibaba.nacos.client.remote.worker] com.alibaba.nacos.common.remote.client   : [135a408b-c034-47a8-9029-105e088c93bf] Notify connected event to listeners.
12:07:24:648  INFO 11348 --- [main] com.alibaba.nacos.common.remote.client   : [135a408b-c034-47a8-9029-105e088c93bf] Register server push request handler:com.alibaba.nacos.common.remote.client.RpcClient$ConnectResetRequestHandler
12:07:24:648  INFO 11348 --- [main] com.alibaba.nacos.common.remote.client   : [135a408b-c034-47a8-9029-105e088c93bf] Register server push request handler:com.alibaba.nacos.common.remote.client.RpcClient$$Lambda$991/0x000002255c7946b8
12:07:24:729  INFO 11348 --- [main] o.s.b.w.embedded.tomcat.TomcatWebServer  : Tomcat started on port(s): 8086 (http) with context path ''
12:07:24:744  INFO 11348 --- [main] c.a.c.n.registry.NacosServiceRegistry    : nacos registry, DEFAULT_GROUP pay-service 192.168.217.1:8086 register finished
12:07:25:230  INFO 11348 --- [nacos-grpc-client-executor-8] com.alibaba.nacos.common.remote.client   : [135a408b-c034-47a8-9029-105e088c93bf] Receive server push request, request = NotifySubscriberRequest, requestId = 5
12:07:25:234  INFO 11348 --- [nacos-grpc-client-executor-8] com.alibaba.nacos.common.remote.client   : [135a408b-c034-47a8-9029-105e088c93bf] Ack server push request, request = NotifySubscriberRequest, requestId = 5
12:07:25:822  INFO 11348 --- [main] o.s.cloud.commons.util.InetUtils         : Cannot determine local hostname
12:07:25:824  INFO 11348 --- [main] d.s.w.p.DocumentationPluginsBootstrapper : Documentation plugins bootstrapped
12:07:25:828  INFO 11348 --- [main] d.s.w.p.DocumentationPluginsBootstrapper : Found 1 custom documentation plugin(s)
12:07:25:859  INFO 11348 --- [main] s.d.s.w.s.ApiListingReferenceScanner     : Scanning for api listing references
12:07:25:984  INFO 11348 --- [main] com.hmall.pay.PayApplication             : Started PayApplication in 10.289 seconds (JVM running for 11.126)
12:07:38:324  INFO 11348 --- [http-nio-8086-exec-3] o.a.c.c.C.[Tomcat].[localhost].[/]       : Initializing Spring DispatcherServlet 'dispatcherServlet'
12:07:38:324  INFO 11348 --- [http-nio-8086-exec-3] o.s.web.servlet.DispatcherServlet        : Initializing Servlet 'dispatcherServlet'
12:07:38:326  INFO 11348 --- [http-nio-8086-exec-3] o.s.web.servlet.DispatcherServlet        : Completed initialization in 2 ms
12:07:38:451  INFO 11348 --- [http-nio-8086-exec-3] com.zaxxer.hikari.HikariDataSource       : HikariPool-1 - Starting...
12:07:38:771  INFO 11348 --- [http-nio-8086-exec-3] com.zaxxer.hikari.HikariDataSource       : HikariPool-1 - Start completed.
12:07:38:780 DEBUG 11348 --- [http-nio-8086-exec-3] c.h.p.mapper.PayOrderMapper.selectList   : ==>  Preparing: SELECT id,biz_order_no,pay_order_no,biz_user_id,pay_channel_code,amount,pay_type,status,expand_json,result_code,result_msg,pay_success_time,pay_over_time,qr_code_url,create_time,update_time,creater,updater,is_delete FROM pay_order
12:07:38:813 DEBUG 11348 --- [http-nio-8086-exec-3] c.h.p.mapper.PayOrderMapper.selectList   : ==> Parameters: 
12:07:38:852 DEBUG 11348 --- [http-nio-8086-exec-3] c.h.p.mapper.PayOrderMapper.selectList   : <==      Total: 2
12:07:44:761  WARN 11348 --- [Thread-7] c.a.n.common.http.HttpClientBeanHolder   : [HttpClientBeanHolder] Start destroying common HttpClient
12:07:44:762  WARN 11348 --- [Thread-4] c.a.nacos.common.notify.NotifyCenter     : [NotifyCenter] Start destroying Publisher
12:07:44:762  WARN 11348 --- [Thread-4] c.a.nacos.common.notify.NotifyCenter     : [NotifyCenter] Destruction of the end
12:07:44:762  WARN 11348 --- [Thread-7] c.a.n.common.http.HttpClientBeanHolder   : [HttpClientBeanHolder] Destruction of the end
12:07:44:787  INFO 11348 --- [SpringApplicationShutdownHook] c.a.c.n.registry.NacosServiceRegistry    : De-registering from Nacos Server now...
12:07:44:791  INFO 11348 --- [SpringApplicationShutdownHook] c.a.c.n.registry.NacosServiceRegistry    : De-registration finished.
12:07:45:121  INFO 11348 --- [SpringApplicationShutdownHook] com.alibaba.nacos.common.remote.client   : Shutdown rpc client, set status to shutdown
12:07:45:121  INFO 11348 --- [SpringApplicationShutdownHook] com.alibaba.nacos.common.remote.client   : Shutdown client event executor java.util.concurrent.ScheduledThreadPoolExecutor@3a2c29[Running, pool size = 2, active threads = 2, queued tasks = 0, completed tasks = 0]
12:07:45:121  INFO 11348 --- [SpringApplicationShutdownHook] com.alibaba.nacos.common.remote.client   : Close current connection 1751256445238_192.168.1.114_59292
12:07:45:127  INFO 11348 --- [SpringApplicationShutdownHook] c.a.n.c.remote.client.grpc.GrpcClient    : Shutdown grpc executor java.util.concurrent.ThreadPoolExecutor@7f47b464[Running, pool size = 4, active threads = 0, queued tasks = 0, completed tasks = 15]
12:07:45:133  INFO 11348 --- [SpringApplicationShutdownHook] com.zaxxer.hikari.HikariDataSource       : HikariPool-1 - Shutdown initiated...
12:07:45:145  INFO 11348 --- [SpringApplicationShutdownHook] com.zaxxer.hikari.HikariDataSource       : HikariPool-1 - Shutdown completed.
