11:26:10:953  INFO 13028 --- [main] com.hmall.trade.TradeApplication         : Starting TradeApplication using Java 17.0.15 on WIN-G3HHT1TM0MA with PID 13028 (D:\Project\hmall\trade-service\target\classes started by Administrator in D:\Project\hmall)
11:26:10:955 DEBUG 13028 --- [main] com.hmall.trade.TradeApplication         : Running with Spring Boot v2.7.12, Spring v5.3.27
11:26:10:956  INFO 13028 --- [main] com.hmall.trade.TradeApplication         : The following 1 profile is active: "local"
11:26:12:667  INFO 13028 --- [main] o.s.cloud.context.scope.GenericScope     : BeanFactory id=2b913254-e215-3485-ae6b-333daa795f59
11:26:13:280  INFO 13028 --- [main] o.s.b.w.embedded.tomcat.TomcatWebServer  : Tomcat initialized with port(s): 8085 (http)
11:26:13:293  INFO 13028 --- [main] o.apache.catalina.core.StandardService   : Starting service [Tomcat]
11:26:13:294  INFO 13028 --- [main] org.apache.catalina.core.StandardEngine  : Starting Servlet engine: [Apache Tomcat/9.0.75]
11:26:13:475  INFO 13028 --- [main] o.a.c.c.C.[Tomcat].[localhost].[/]       : Initializing Spring embedded WebApplicationContext
11:26:13:475  INFO 13028 --- [main] w.s.c.ServletWebServerApplicationContext : Root WebApplicationContext: initialization completed in 2464 ms
11:26:13:586  WARN 13028 --- [main] ConfigServletWebServerApplicationContext : Exception encountered during context initialization - cancelling refresh attempt: org.springframework.beans.factory.UnsatisfiedDependencyException: Error creating bean with name 'orderController' defined in file [D:\Project\hmall\trade-service\target\classes\com\hmall\trade\controller\OrderController.class]: Unsatisfied dependency expressed through constructor parameter 0; nested exception is org.springframework.beans.factory.UnsatisfiedDependencyException: Error creating bean with name 'orderServiceImpl' defined in file [D:\Project\hmall\trade-service\target\classes\com\hmall\trade\service\impl\OrderServiceImpl.class]: Unsatisfied dependency expressed through constructor parameter 0; nested exception is org.springframework.beans.factory.NoSuchBeanDefinitionException: No qualifying bean of type 'com.hmall.api.client.CartClient' available: expected at least 1 bean which qualifies as autowire candidate. Dependency annotations: {}
11:26:13:589  INFO 13028 --- [main] o.apache.catalina.core.StandardService   : Stopping service [Tomcat]
11:26:13:610  INFO 13028 --- [main] ConditionEvaluationReportLoggingListener : 

Error starting ApplicationContext. To display the conditions report re-run your application with 'debug' enabled.
11:26:13:635 ERROR 13028 --- [main] o.s.b.d.LoggingFailureAnalysisReporter   : 

***************************
APPLICATION FAILED TO START
***************************

Description:

Parameter 0 of constructor in com.hmall.trade.service.impl.OrderServiceImpl required a bean of type 'com.hmall.api.client.CartClient' that could not be found.


Action:

Consider defining a bean of type 'com.hmall.api.client.CartClient' in your configuration.

11:27:54:711  INFO 4792 --- [main] com.hmall.trade.TradeApplication         : Starting TradeApplication using Java 17.0.15 on WIN-G3HHT1TM0MA with PID 4792 (D:\Project\hmall\trade-service\target\classes started by Administrator in D:\Project\hmall)
11:27:54:714 DEBUG 4792 --- [main] com.hmall.trade.TradeApplication         : Running with Spring Boot v2.7.12, Spring v5.3.27
11:27:54:715  INFO 4792 --- [main] com.hmall.trade.TradeApplication         : The following 1 profile is active: "local"
11:27:55:909  INFO 4792 --- [main] o.s.cloud.context.scope.GenericScope     : BeanFactory id=2b913254-e215-3485-ae6b-333daa795f59
11:27:56:440  INFO 4792 --- [main] o.s.b.w.embedded.tomcat.TomcatWebServer  : Tomcat initialized with port(s): 8085 (http)
11:27:56:450  INFO 4792 --- [main] o.apache.catalina.core.StandardService   : Starting service [Tomcat]
11:27:56:451  INFO 4792 --- [main] org.apache.catalina.core.StandardEngine  : Starting Servlet engine: [Apache Tomcat/9.0.75]
11:27:56:590  INFO 4792 --- [main] o.a.c.c.C.[Tomcat].[localhost].[/]       : Initializing Spring embedded WebApplicationContext
11:27:56:590  INFO 4792 --- [main] w.s.c.ServletWebServerApplicationContext : Root WebApplicationContext: initialization completed in 1817 ms
11:27:56:679  WARN 4792 --- [main] ConfigServletWebServerApplicationContext : Exception encountered during context initialization - cancelling refresh attempt: org.springframework.beans.factory.UnsatisfiedDependencyException: Error creating bean with name 'orderController' defined in file [D:\Project\hmall\trade-service\target\classes\com\hmall\trade\controller\OrderController.class]: Unsatisfied dependency expressed through constructor parameter 0; nested exception is org.springframework.beans.factory.UnsatisfiedDependencyException: Error creating bean with name 'orderServiceImpl' defined in file [D:\Project\hmall\trade-service\target\classes\com\hmall\trade\service\impl\OrderServiceImpl.class]: Unsatisfied dependency expressed through constructor parameter 0; nested exception is org.springframework.beans.factory.NoSuchBeanDefinitionException: No qualifying bean of type 'com.hmall.api.client.CartClient' available: expected at least 1 bean which qualifies as autowire candidate. Dependency annotations: {}
11:27:56:683  INFO 4792 --- [main] o.apache.catalina.core.StandardService   : Stopping service [Tomcat]
11:27:56:705  INFO 4792 --- [main] ConditionEvaluationReportLoggingListener : 

Error starting ApplicationContext. To display the conditions report re-run your application with 'debug' enabled.
11:27:56:728 ERROR 4792 --- [main] o.s.b.d.LoggingFailureAnalysisReporter   : 

***************************
APPLICATION FAILED TO START
***************************

Description:

Parameter 0 of constructor in com.hmall.trade.service.impl.OrderServiceImpl required a bean of type 'com.hmall.api.client.CartClient' that could not be found.


Action:

Consider defining a bean of type 'com.hmall.api.client.CartClient' in your configuration.

11:39:59:562  INFO 8800 --- [main] com.hmall.trade.TradeApplication         : Starting TradeApplication using Java 17.0.15 on WIN-G3HHT1TM0MA with PID 8800 (D:\Project\hmall\trade-service\target\classes started by Administrator in D:\Project\hmall)
11:39:59:565 DEBUG 8800 --- [main] com.hmall.trade.TradeApplication         : Running with Spring Boot v2.7.12, Spring v5.3.27
11:39:59:565  INFO 8800 --- [main] com.hmall.trade.TradeApplication         : The following 1 profile is active: "local"
11:40:00:730  INFO 8800 --- [main] o.s.cloud.context.scope.GenericScope     : BeanFactory id=eae311f8-6190-3628-a5e9-aeb32751ea57
11:40:01:239  INFO 8800 --- [main] o.s.b.w.embedded.tomcat.TomcatWebServer  : Tomcat initialized with port(s): 8085 (http)
11:40:01:250  INFO 8800 --- [main] o.apache.catalina.core.StandardService   : Starting service [Tomcat]
11:40:01:250  INFO 8800 --- [main] org.apache.catalina.core.StandardEngine  : Starting Servlet engine: [Apache Tomcat/9.0.75]
11:40:01:393  INFO 8800 --- [main] o.a.c.c.C.[Tomcat].[localhost].[/]       : Initializing Spring embedded WebApplicationContext
11:40:01:393  INFO 8800 --- [main] w.s.c.ServletWebServerApplicationContext : Root WebApplicationContext: initialization completed in 1771 ms
11:40:01:629  INFO 8800 --- [main] o.s.c.openfeign.FeignClientFactoryBean   : For 'cart-service' URL not provided. Will try picking an instance via load-balancing.
11:40:01:687  INFO 8800 --- [main] o.s.c.openfeign.FeignClientFactoryBean   : For 'item-service' URL not provided. Will try picking an instance via load-balancing.
11:40:03:629  INFO 8800 --- [main] o.s.cloud.commons.util.InetUtils         : Cannot determine local hostname
11:40:03:691  INFO 8800 --- [main] pertySourcedRequestMappingHandlerMapping : Mapped URL path [/v2/api-docs] onto method [springfox.documentation.swagger2.web.Swagger2ControllerWebMvc#getDocumentation(String, HttpServletRequest)]
11:40:04:825  INFO 8800 --- [main] o.s.cloud.commons.util.InetUtils         : Cannot determine local hostname
11:40:05:233  INFO 8800 --- [main] com.alibaba.nacos.common.remote.client   : [RpcClientFactory] create a new rpc client of 8b60f821-29e2-46d9-b798-fb88786d18f4
11:40:05:311  INFO 8800 --- [main] org.reflections.Reflections              : Reflections took 42 ms to scan 1 urls, producing 3 keys and 6 values 
11:40:05:347  INFO 8800 --- [main] org.reflections.Reflections              : Reflections took 19 ms to scan 1 urls, producing 4 keys and 9 values 
11:40:05:362  INFO 8800 --- [main] org.reflections.Reflections              : Reflections took 11 ms to scan 1 urls, producing 3 keys and 10 values 
11:40:05:364  WARN 8800 --- [main] org.reflections.Reflections              : given scan urls are empty. set urls in the configuration
11:40:05:375  INFO 8800 --- [main] org.reflections.Reflections              : Reflections took 9 ms to scan 1 urls, producing 1 keys and 5 values 
11:40:05:387  INFO 8800 --- [main] org.reflections.Reflections              : Reflections took 9 ms to scan 1 urls, producing 1 keys and 7 values 
11:40:05:399  INFO 8800 --- [main] org.reflections.Reflections              : Reflections took 10 ms to scan 1 urls, producing 2 keys and 8 values 
11:40:05:402  WARN 8800 --- [main] org.reflections.Reflections              : given scan urls are empty. set urls in the configuration
11:40:05:403  INFO 8800 --- [main] com.alibaba.nacos.common.remote.client   : [8b60f821-29e2-46d9-b798-fb88786d18f4] RpcClient init label, labels = {module=naming, source=sdk}
11:40:05:404  INFO 8800 --- [main] com.alibaba.nacos.common.remote.client   : [8b60f821-29e2-46d9-b798-fb88786d18f4] RpcClient init, ServerListFactory = com.alibaba.nacos.client.naming.core.ServerListManager
11:40:05:405  INFO 8800 --- [main] com.alibaba.nacos.common.remote.client   : [8b60f821-29e2-46d9-b798-fb88786d18f4] Registry connection listener to current client:com.alibaba.nacos.client.naming.remote.gprc.redo.NamingGrpcRedoService
11:40:05:405  INFO 8800 --- [main] com.alibaba.nacos.common.remote.client   : [8b60f821-29e2-46d9-b798-fb88786d18f4] Register server push request handler:com.alibaba.nacos.client.naming.remote.gprc.NamingPushRequestHandler
11:40:05:407  INFO 8800 --- [main] com.alibaba.nacos.common.remote.client   : [8b60f821-29e2-46d9-b798-fb88786d18f4] Try to connect to server on start up, server: {serverIp = '192.168.1.33', server main port = 8848}
11:40:06:244  INFO 8800 --- [main] com.alibaba.nacos.common.remote.client   : [8b60f821-29e2-46d9-b798-fb88786d18f4] Success to connect to server [192.168.1.33:8848] on start up, connectionId = 1751254806823_192.168.1.114_58263
11:40:06:246  INFO 8800 --- [com.alibaba.nacos.client.remote.worker] com.alibaba.nacos.common.remote.client   : [8b60f821-29e2-46d9-b798-fb88786d18f4] Notify connected event to listeners.
11:40:06:246  INFO 8800 --- [main] com.alibaba.nacos.common.remote.client   : [8b60f821-29e2-46d9-b798-fb88786d18f4] Register server push request handler:com.alibaba.nacos.common.remote.client.RpcClient$ConnectResetRequestHandler
11:40:06:247  INFO 8800 --- [main] com.alibaba.nacos.common.remote.client   : [8b60f821-29e2-46d9-b798-fb88786d18f4] Register server push request handler:com.alibaba.nacos.common.remote.client.RpcClient$$Lambda$989/0x0000022027797cd0
11:40:06:313  INFO 8800 --- [main] o.s.b.w.embedded.tomcat.TomcatWebServer  : Tomcat started on port(s): 8085 (http) with context path ''
11:40:06:325  INFO 8800 --- [main] c.a.c.n.registry.NacosServiceRegistry    : nacos registry, DEFAULT_GROUP trade-service 192.168.217.1:8085 register finished
11:40:06:885  INFO 8800 --- [nacos-grpc-client-executor-9] com.alibaba.nacos.common.remote.client   : [8b60f821-29e2-46d9-b798-fb88786d18f4] Receive server push request, request = NotifySubscriberRequest, requestId = 2
11:40:06:890  INFO 8800 --- [nacos-grpc-client-executor-9] com.alibaba.nacos.common.remote.client   : [8b60f821-29e2-46d9-b798-fb88786d18f4] Ack server push request, request = NotifySubscriberRequest, requestId = 2
11:40:07:365  INFO 8800 --- [main] o.s.cloud.commons.util.InetUtils         : Cannot determine local hostname
11:40:07:366  INFO 8800 --- [main] d.s.w.p.DocumentationPluginsBootstrapper : Documentation plugins bootstrapped
11:40:07:372  INFO 8800 --- [main] d.s.w.p.DocumentationPluginsBootstrapper : Found 1 custom documentation plugin(s)
11:40:07:412  INFO 8800 --- [main] s.d.s.w.s.ApiListingReferenceScanner     : Scanning for api listing references
11:40:07:511  INFO 8800 --- [main] com.hmall.trade.TradeApplication         : Started TradeApplication in 9.587 seconds (JVM running for 10.271)
11:40:48:075  INFO 8800 --- [http-nio-8085-exec-2] o.a.c.c.C.[Tomcat].[localhost].[/]       : Initializing Spring DispatcherServlet 'dispatcherServlet'
11:40:48:076  INFO 8800 --- [http-nio-8085-exec-2] o.s.web.servlet.DispatcherServlet        : Initializing Servlet 'dispatcherServlet'
11:40:48:077  INFO 8800 --- [http-nio-8085-exec-2] o.s.web.servlet.DispatcherServlet        : Completed initialization in 1 ms
11:40:48:097  WARN 8800 --- [http-nio-8085-exec-2] .w.s.m.s.DefaultHandlerExceptionResolver : Resolved [org.springframework.web.HttpRequestMethodNotSupportedException: Request method 'POST' not supported]
11:40:57:630  INFO 8800 --- [http-nio-8085-exec-3] com.zaxxer.hikari.HikariDataSource       : HikariPool-1 - Starting...
11:40:57:933  INFO 8800 --- [http-nio-8085-exec-3] com.zaxxer.hikari.HikariDataSource       : HikariPool-1 - Start completed.
11:40:57:941 DEBUG 8800 --- [http-nio-8085-exec-3] c.h.trade.mapper.OrderMapper.selectById  : ==>  Preparing: SELECT id,total_fee,payment_type,user_id,status,create_time,pay_time,consign_time,end_time,close_time,comment_time,update_time FROM `order` WHERE id=?
11:40:57:974 DEBUG 8800 --- [http-nio-8085-exec-3] c.h.trade.mapper.OrderMapper.selectById  : ==> Parameters: 1654779387523936258(Long)
11:40:58:013 DEBUG 8800 --- [http-nio-8085-exec-3] c.h.trade.mapper.OrderMapper.selectById  : <==      Total: 1
11:42:16:064  WARN 8800 --- [Thread-4] c.a.nacos.common.notify.NotifyCenter     : [NotifyCenter] Start destroying Publisher
11:42:16:064  WARN 8800 --- [Thread-4] c.a.nacos.common.notify.NotifyCenter     : [NotifyCenter] Destruction of the end
11:42:16:064  WARN 8800 --- [Thread-7] c.a.n.common.http.HttpClientBeanHolder   : [HttpClientBeanHolder] Start destroying common HttpClient
11:42:16:065  WARN 8800 --- [Thread-7] c.a.n.common.http.HttpClientBeanHolder   : [HttpClientBeanHolder] Destruction of the end
11:42:16:094  INFO 8800 --- [SpringApplicationShutdownHook] c.a.c.n.registry.NacosServiceRegistry    : De-registering from Nacos Server now...
11:42:16:099  INFO 8800 --- [SpringApplicationShutdownHook] c.a.c.n.registry.NacosServiceRegistry    : De-registration finished.
11:42:16:516  INFO 8800 --- [SpringApplicationShutdownHook] com.alibaba.nacos.common.remote.client   : Shutdown rpc client, set status to shutdown
11:42:16:517  INFO 8800 --- [SpringApplicationShutdownHook] com.alibaba.nacos.common.remote.client   : Shutdown client event executor java.util.concurrent.ScheduledThreadPoolExecutor@6ea62027[Running, pool size = 2, active threads = 2, queued tasks = 0, completed tasks = 0]
11:42:16:518  INFO 8800 --- [SpringApplicationShutdownHook] com.alibaba.nacos.common.remote.client   : Close current connection 1751254806823_192.168.1.114_58263
11:42:16:524  INFO 8800 --- [SpringApplicationShutdownHook] c.a.n.c.remote.client.grpc.GrpcClient    : Shutdown grpc executor java.util.concurrent.ThreadPoolExecutor@50dde634[Running, pool size = 5, active threads = 0, queued tasks = 0, completed tasks = 42]
11:42:16:544  INFO 8800 --- [SpringApplicationShutdownHook] com.zaxxer.hikari.HikariDataSource       : HikariPool-1 - Shutdown initiated...
11:42:16:574  INFO 8800 --- [SpringApplicationShutdownHook] com.zaxxer.hikari.HikariDataSource       : HikariPool-1 - Shutdown completed.
12:07:09:053  INFO 9524 --- [main] com.hmall.trade.TradeApplication         : Starting TradeApplication using Java 17.0.15 on WIN-G3HHT1TM0MA with PID 9524 (D:\Project\hmall\trade-service\target\classes started by Administrator in D:\Project\hmall)
12:07:09:056 DEBUG 9524 --- [main] com.hmall.trade.TradeApplication         : Running with Spring Boot v2.7.12, Spring v5.3.27
12:07:09:056  INFO 9524 --- [main] com.hmall.trade.TradeApplication         : The following 1 profile is active: "local"
12:07:10:391  INFO 9524 --- [main] o.s.cloud.context.scope.GenericScope     : BeanFactory id=2a3c57c5-852b-3902-86c1-72c952394ab7
12:07:10:952  INFO 9524 --- [main] o.s.b.w.embedded.tomcat.TomcatWebServer  : Tomcat initialized with port(s): 8085 (http)
12:07:10:965  INFO 9524 --- [main] o.apache.catalina.core.StandardService   : Starting service [Tomcat]
12:07:10:965  INFO 9524 --- [main] org.apache.catalina.core.StandardEngine  : Starting Servlet engine: [Apache Tomcat/9.0.75]
12:07:11:122  INFO 9524 --- [main] o.a.c.c.C.[Tomcat].[localhost].[/]       : Initializing Spring embedded WebApplicationContext
12:07:11:122  INFO 9524 --- [main] w.s.c.ServletWebServerApplicationContext : Root WebApplicationContext: initialization completed in 2003 ms
12:07:11:372  INFO 9524 --- [main] o.s.c.openfeign.FeignClientFactoryBean   : For 'cart-service' URL not provided. Will try picking an instance via load-balancing.
12:07:11:436  INFO 9524 --- [main] o.s.c.openfeign.FeignClientFactoryBean   : For 'item-service' URL not provided. Will try picking an instance via load-balancing.
12:07:13:524  INFO 9524 --- [main] o.s.cloud.commons.util.InetUtils         : Cannot determine local hostname
12:07:13:566  INFO 9524 --- [main] pertySourcedRequestMappingHandlerMapping : Mapped URL path [/v2/api-docs] onto method [springfox.documentation.swagger2.web.Swagger2ControllerWebMvc#getDocumentation(String, HttpServletRequest)]
12:07:14:715  INFO 9524 --- [main] o.s.cloud.commons.util.InetUtils         : Cannot determine local hostname
12:07:15:164  INFO 9524 --- [main] com.alibaba.nacos.common.remote.client   : [RpcClientFactory] create a new rpc client of e5b3f33d-110d-4618-8dee-1139b7a5f5b2
12:07:15:297  INFO 9524 --- [main] org.reflections.Reflections              : Reflections took 63 ms to scan 1 urls, producing 3 keys and 6 values 
12:07:15:348  INFO 9524 --- [main] org.reflections.Reflections              : Reflections took 24 ms to scan 1 urls, producing 4 keys and 9 values 
12:07:15:364  INFO 9524 --- [main] org.reflections.Reflections              : Reflections took 12 ms to scan 1 urls, producing 3 keys and 10 values 
12:07:15:368  WARN 9524 --- [main] org.reflections.Reflections              : given scan urls are empty. set urls in the configuration
12:07:15:381  INFO 9524 --- [main] org.reflections.Reflections              : Reflections took 12 ms to scan 1 urls, producing 1 keys and 5 values 
12:07:15:399  INFO 9524 --- [main] org.reflections.Reflections              : Reflections took 16 ms to scan 1 urls, producing 1 keys and 7 values 
12:07:15:416  INFO 9524 --- [main] org.reflections.Reflections              : Reflections took 13 ms to scan 1 urls, producing 2 keys and 8 values 
12:07:15:418  WARN 9524 --- [main] org.reflections.Reflections              : given scan urls are empty. set urls in the configuration
12:07:15:420  INFO 9524 --- [main] com.alibaba.nacos.common.remote.client   : [e5b3f33d-110d-4618-8dee-1139b7a5f5b2] RpcClient init label, labels = {module=naming, source=sdk}
12:07:15:423  INFO 9524 --- [main] com.alibaba.nacos.common.remote.client   : [e5b3f33d-110d-4618-8dee-1139b7a5f5b2] RpcClient init, ServerListFactory = com.alibaba.nacos.client.naming.core.ServerListManager
12:07:15:424  INFO 9524 --- [main] com.alibaba.nacos.common.remote.client   : [e5b3f33d-110d-4618-8dee-1139b7a5f5b2] Registry connection listener to current client:com.alibaba.nacos.client.naming.remote.gprc.redo.NamingGrpcRedoService
12:07:15:424  INFO 9524 --- [main] com.alibaba.nacos.common.remote.client   : [e5b3f33d-110d-4618-8dee-1139b7a5f5b2] Register server push request handler:com.alibaba.nacos.client.naming.remote.gprc.NamingPushRequestHandler
12:07:15:427  INFO 9524 --- [main] com.alibaba.nacos.common.remote.client   : [e5b3f33d-110d-4618-8dee-1139b7a5f5b2] Try to connect to server on start up, server: {serverIp = '192.168.1.33', server main port = 8848}
12:07:16:432  INFO 9524 --- [main] com.alibaba.nacos.common.remote.client   : [e5b3f33d-110d-4618-8dee-1139b7a5f5b2] Success to connect to server [192.168.1.33:8848] on start up, connectionId = 1751256437034_192.168.1.114_59277
12:07:16:433  INFO 9524 --- [com.alibaba.nacos.client.remote.worker] com.alibaba.nacos.common.remote.client   : [e5b3f33d-110d-4618-8dee-1139b7a5f5b2] Notify connected event to listeners.
12:07:16:433  INFO 9524 --- [main] com.alibaba.nacos.common.remote.client   : [e5b3f33d-110d-4618-8dee-1139b7a5f5b2] Register server push request handler:com.alibaba.nacos.common.remote.client.RpcClient$ConnectResetRequestHandler
12:07:16:434  INFO 9524 --- [main] com.alibaba.nacos.common.remote.client   : [e5b3f33d-110d-4618-8dee-1139b7a5f5b2] Register server push request handler:com.alibaba.nacos.common.remote.client.RpcClient$$Lambda$989/0x0000020515797958
12:07:16:491  INFO 9524 --- [main] o.s.b.w.embedded.tomcat.TomcatWebServer  : Tomcat started on port(s): 8085 (http) with context path ''
12:07:16:502  INFO 9524 --- [main] c.a.c.n.registry.NacosServiceRegistry    : nacos registry, DEFAULT_GROUP trade-service 192.168.217.1:8085 register finished
12:07:16:977  INFO 9524 --- [nacos-grpc-client-executor-10] com.alibaba.nacos.common.remote.client   : [e5b3f33d-110d-4618-8dee-1139b7a5f5b2] Receive server push request, request = NotifySubscriberRequest, requestId = 4
12:07:16:980  INFO 9524 --- [nacos-grpc-client-executor-10] com.alibaba.nacos.common.remote.client   : [e5b3f33d-110d-4618-8dee-1139b7a5f5b2] Ack server push request, request = NotifySubscriberRequest, requestId = 4
12:07:17:546  INFO 9524 --- [main] o.s.cloud.commons.util.InetUtils         : Cannot determine local hostname
12:07:17:548  INFO 9524 --- [main] d.s.w.p.DocumentationPluginsBootstrapper : Documentation plugins bootstrapped
12:07:17:551  INFO 9524 --- [main] d.s.w.p.DocumentationPluginsBootstrapper : Found 1 custom documentation plugin(s)
12:07:17:587  INFO 9524 --- [main] s.d.s.w.s.ApiListingReferenceScanner     : Scanning for api listing references
12:07:17:740  INFO 9524 --- [main] com.hmall.trade.TradeApplication         : Started TradeApplication in 10.322 seconds (JVM running for 11.057)
12:07:44:705  WARN 9524 --- [Thread-7] c.a.n.common.http.HttpClientBeanHolder   : [HttpClientBeanHolder] Start destroying common HttpClient
12:07:44:706  WARN 9524 --- [Thread-7] c.a.n.common.http.HttpClientBeanHolder   : [HttpClientBeanHolder] Destruction of the end
12:07:44:706  WARN 9524 --- [Thread-4] c.a.nacos.common.notify.NotifyCenter     : [NotifyCenter] Start destroying Publisher
12:07:44:707  WARN 9524 --- [Thread-4] c.a.nacos.common.notify.NotifyCenter     : [NotifyCenter] Destruction of the end
12:07:44:764  INFO 9524 --- [SpringApplicationShutdownHook] c.a.c.n.registry.NacosServiceRegistry    : De-registering from Nacos Server now...
12:07:44:769  INFO 9524 --- [SpringApplicationShutdownHook] c.a.c.n.registry.NacosServiceRegistry    : De-registration finished.
12:07:45:108  INFO 9524 --- [SpringApplicationShutdownHook] com.alibaba.nacos.common.remote.client   : Shutdown rpc client, set status to shutdown
12:07:45:108  INFO 9524 --- [SpringApplicationShutdownHook] com.alibaba.nacos.common.remote.client   : Shutdown client event executor java.util.concurrent.ScheduledThreadPoolExecutor@51adeeaf[Running, pool size = 2, active threads = 2, queued tasks = 0, completed tasks = 0]
12:07:45:109  INFO 9524 --- [SpringApplicationShutdownHook] com.alibaba.nacos.common.remote.client   : Close current connection 1751256437034_192.168.1.114_59277
12:07:45:112  INFO 9524 --- [nacos-grpc-client-executor-18] c.a.n.c.remote.client.grpc.GrpcClient    : [1751256437034_192.168.1.114_59277]Ignore complete event,isRunning:false,isAbandon=false
12:07:45:119  INFO 9524 --- [SpringApplicationShutdownHook] c.a.n.c.remote.client.grpc.GrpcClient    : Shutdown grpc executor java.util.concurrent.ThreadPoolExecutor@6d9aaf5c[Running, pool size = 5, active threads = 0, queued tasks = 0, completed tasks = 19]
